<?xml version="1.0" encoding="UTF-8"?>
<coverage generated="1736708023089" clover="3.2.0">
  <project timestamp="1736708023089" name="All files">
    <metrics statements="27" coveredstatements="27" conditionals="2" coveredconditionals="1" methods="4" coveredmethods="4" elements="33" coveredelements="32" complexity="0" loc="27" ncloc="27" packages="2" files="2" classes="2"/>
    <package name="hooks">
      <metrics statements="16" coveredstatements="16" conditionals="0" coveredconditionals="0" methods="3" coveredmethods="3"/>
      <file name="useArticles.ts" path="D:\Freelancing\NY-Times-Most-Popular-Articles\src\hooks\useArticles.ts">
        <metrics statements="16" coveredstatements="16" conditionals="0" coveredconditionals="0" methods="3" coveredmethods="3"/>
        <line num="1" count="1" type="stmt"/>
        <line num="2" count="1" type="stmt"/>
        <line num="5" count="1" type="stmt"/>
        <line num="6" count="8" type="stmt"/>
        <line num="7" count="8" type="stmt"/>
        <line num="9" count="8" type="stmt"/>
        <line num="10" count="3" type="stmt"/>
        <line num="11" count="3" type="stmt"/>
        <line num="12" count="3" type="stmt"/>
        <line num="13" count="2" type="stmt"/>
        <line num="15" count="1" type="stmt"/>
        <line num="17" count="3" type="stmt"/>
        <line num="21" count="8" type="stmt"/>
        <line num="22" count="3" type="stmt"/>
        <line num="25" count="8" type="stmt"/>
        <line num="28" count="1" type="stmt"/>
      </file>
    </package>
    <package name="services">
      <metrics statements="11" coveredstatements="11" conditionals="2" coveredconditionals="1" methods="1" coveredmethods="1"/>
      <file name="api.ts" path="D:\Freelancing\NY-Times-Most-Popular-Articles\src\services\api.ts">
        <metrics statements="11" coveredstatements="11" conditionals="2" coveredconditionals="1" methods="1" coveredmethods="1"/>
        <line num="1" count="1" type="stmt"/>
        <line num="2" count="1" type="stmt"/>
        <line num="4" count="1" type="cond" truecount="0" falsecount="1"/>
        <line num="5" count="3" type="stmt"/>
        <line num="6" count="3" type="stmt"/>
        <line num="7" count="3" type="stmt"/>
        <line num="9" count="2" type="cond" truecount="1" falsecount="0"/>
        <line num="10" count="1" type="stmt"/>
        <line num="15" count="1" type="stmt"/>
        <line num="17" count="2" type="stmt"/>
        <line num="18" count="2" type="stmt"/>
      </file>
    </package>
  </project>
</coverage>
