TN:
SF:src\hooks\useArticles.ts
FN:5,(anonymous_0)
FN:9,(anonymous_1)
FN:21,(anonymous_2)
FNF:3
FNH:3
FNDA:8,(anonymous_0)
FNDA:3,(anonymous_1)
FNDA:3,(anonymous_2)
DA:1,1
DA:2,1
DA:5,1
DA:6,8
DA:7,8
DA:9,8
DA:10,3
DA:11,3
DA:12,3
DA:13,2
DA:15,1
DA:17,3
DA:21,8
DA:22,3
DA:25,8
DA:28,1
LF:16
LH:16
BRF:0
BRH:0
end_of_record
TN:
SF:src\services\api.ts
FN:4,(anonymous_0)
FNF:1
FNH:1
FNDA:3,(anonymous_0)
DA:1,1
DA:2,1
DA:4,1
DA:5,3
DA:6,3
DA:7,3
DA:9,2
DA:10,1
DA:15,1
DA:17,2
DA:18,2
LF:11
LH:11
BRDA:4,0,0,0
BRDA:9,1,0,1
BRF:2
BRH:1
end_of_record
